### Start Mon Dec 14 23:27:56 2020
# /opt/tools/compilers/solarisstudio12.5/bin/../bin/er_archive -n -O /export/home/acs/stud/t/taner.mustafa/Materii/APP/Proiect/OmegaNetwork/test.4.er/er_archive.log /export/home/acs/stud/t/taner.mustafa/Materii/APP/Proiect/OmegaNetwork/test.4.er
Copying `/export/home/acs/stud/t/taner.mustafa/Materii/APP/Proiect/OmegaNetwork/mpi'
  to `/export/home/acs/stud/t/taner.mustafa/Materii/APP/Proiect/OmegaNetwork/test.4.er/archives/mpi_MtHL-toqJF3'
Copying `/opt/tools/compilers/gnu/6.2.0/lib64/libgcc_s.so.1'
  to `/export/home/acs/stud/t/taner.mustafa/Materii/APP/Proiect/OmegaNetwork/test.4.er/archives/libgcc_s.so.1_KCsgk2UCTH5'
Copying `/usr/lib64/libltdl.so.7.3.0'
  to `/export/home/acs/stud/t/taner.mustafa/Materii/APP/Proiect/OmegaNetwork/test.4.er/archives/libltdl.so.7.3.0_OCEC1bthLm2'
Copying `/usr/lib64/libnuma.so.1.0.0'
  to `/export/home/acs/stud/t/taner.mustafa/Materii/APP/Proiect/OmegaNetwork/test.4.er/archives/libnuma.so.1.0.0_OCEC1bthLm2'
Copying `/usr/lib64/libhwloc.so.5.7.5'
  to `/export/home/acs/stud/t/taner.mustafa/Materii/APP/Proiect/OmegaNetwork/test.4.er/archives/libhwloc.so.5.7.5_OCEC1bthLm2'
Copying `/usr/lib64/libutil-2.17.so'
  to `/export/home/acs/stud/t/taner.mustafa/Materii/APP/Proiect/OmegaNetwork/test.4.er/archives/libutil-2.17.so_OCEC1bthLm2'
Copying `/usr/lib64/openmpi/lib/libopen-pal.so.13.0.4'
  to `/export/home/acs/stud/t/taner.mustafa/Materii/APP/Proiect/OmegaNetwork/test.4.er/archives/libopen-pal.so.13.0.4_ZlstJOT_261'
Copying `/usr/lib64/openmpi/lib/libopen-rte.so.12.0.4'
  to `/export/home/acs/stud/t/taner.mustafa/Materii/APP/Proiect/OmegaNetwork/test.4.er/archives/libopen-rte.so.12.0.4_ZlstJOT_261'
Copying `/usr/lib64/librt-2.17.so'
  to `/export/home/acs/stud/t/taner.mustafa/Materii/APP/Proiect/OmegaNetwork/test.4.er/archives/librt-2.17.so_OCEC1bthLm2'
Copying `/usr/lib64/libdl-2.17.so'
  to `/export/home/acs/stud/t/taner.mustafa/Materii/APP/Proiect/OmegaNetwork/test.4.er/archives/libdl-2.17.so_OCEC1bthLm2'
Copying `/usr/lib64/libc-2.17.so'
  to `/export/home/acs/stud/t/taner.mustafa/Materii/APP/Proiect/OmegaNetwork/test.4.er/archives/libc-2.17.so_OCEC1bthLm2'
Copying `/usr/lib64/libpthread-2.17.so'
  to `/export/home/acs/stud/t/taner.mustafa/Materii/APP/Proiect/OmegaNetwork/test.4.er/archives/libpthread-2.17.so_OCEC1bthLm2'
Copying `/usr/lib64/openmpi/lib/libmpi.so.12.0.7'
  to `/export/home/acs/stud/t/taner.mustafa/Materii/APP/Proiect/OmegaNetwork/test.4.er/archives/libmpi.so.12.0.7_ZlstJOT_261'
Copying `/usr/lib64/libm-2.17.so'
  to `/export/home/acs/stud/t/taner.mustafa/Materii/APP/Proiect/OmegaNetwork/test.4.er/archives/libm-2.17.so_OCEC1bthLm2'
Copying `/opt/tools/compilers/solarisstudio12.5/lib/analyzer/amd64/runtime/libcollector.so'
  to `/export/home/acs/stud/t/taner.mustafa/Materii/APP/Proiect/OmegaNetwork/test.4.er/archives/libcollector.so_WpdlUcvH4C7'
Copying `/usr/lib64/ld-2.17.so'
  to `/export/home/acs/stud/t/taner.mustafa/Materii/APP/Proiect/OmegaNetwork/test.4.er/archives/ld-2.17.so_OCEC1bthLm2'
Copying `/usr/lib64/openmpi/lib/openmpi/mca_shmem_posix.so'
  to `/export/home/acs/stud/t/taner.mustafa/Materii/APP/Proiect/OmegaNetwork/test.4.er/archives/mca_shmem_posix.so_YVmpJN7kdMe'
Copying `/usr/lib64/openmpi/lib/openmpi/mca_shmem_sysv.so'
  to `/export/home/acs/stud/t/taner.mustafa/Materii/APP/Proiect/OmegaNetwork/test.4.er/archives/mca_shmem_sysv.so_YVmpJN7kdMe'
Copying `/usr/lib64/openmpi/lib/openmpi/mca_shmem_mmap.so'
  to `/export/home/acs/stud/t/taner.mustafa/Materii/APP/Proiect/OmegaNetwork/test.4.er/archives/mca_shmem_mmap.so_YVmpJN7kdMe'
Copying `/usr/lib64/openmpi/lib/openmpi/mca_sec_basic.so'
  to `/export/home/acs/stud/t/taner.mustafa/Materii/APP/Proiect/OmegaNetwork/test.4.er/archives/mca_sec_basic.so_YVmpJN7kdMe'
Copying `/usr/lib64/openmpi/lib/openmpi/mca_ess_env.so'
  to `/export/home/acs/stud/t/taner.mustafa/Materii/APP/Proiect/OmegaNetwork/test.4.er/archives/mca_ess_env.so_YVmpJN7kdMe'
Copying `/usr/lib64/openmpi/lib/openmpi/mca_ess_slurm.so'
  to `/export/home/acs/stud/t/taner.mustafa/Materii/APP/Proiect/OmegaNetwork/test.4.er/archives/mca_ess_slurm.so_YVmpJN7kdMe'
Copying `/usr/lib64/openmpi/lib/openmpi/mca_ess_singleton.so'
  to `/export/home/acs/stud/t/taner.mustafa/Materii/APP/Proiect/OmegaNetwork/test.4.er/archives/mca_ess_singleton.so_YVmpJN7kdMe'
Copying `/usr/lib64/openmpi/lib/openmpi/mca_ess_tool.so'
  to `/export/home/acs/stud/t/taner.mustafa/Materii/APP/Proiect/OmegaNetwork/test.4.er/archives/mca_ess_tool.so_YVmpJN7kdMe'
Copying `/usr/lib64/openmpi/lib/openmpi/mca_ess_hnp.so'
  to `/export/home/acs/stud/t/taner.mustafa/Materii/APP/Proiect/OmegaNetwork/test.4.er/archives/mca_ess_hnp.so_YVmpJN7kdMe'
Copying `/usr/lib64/openmpi/lib/openmpi/mca_state_novm.so'
  to `/export/home/acs/stud/t/taner.mustafa/Materii/APP/Proiect/OmegaNetwork/test.4.er/archives/mca_state_novm.so_YVmpJN7kdMe'
Copying `/usr/lib64/libnss_sss.so.2'
  to `/export/home/acs/stud/t/taner.mustafa/Materii/APP/Proiect/OmegaNetwork/test.4.er/archives/libnss_sss.so.2_OCEC1bthLm2'
Copying `/usr/lib64/libnss_files-2.17.so'
  to `/export/home/acs/stud/t/taner.mustafa/Materii/APP/Proiect/OmegaNetwork/test.4.er/archives/libnss_files-2.17.so_OCEC1bthLm2'
Copying `/usr/lib64/openmpi/lib/openmpi/mca_state_orted.so'
  to `/export/home/acs/stud/t/taner.mustafa/Materii/APP/Proiect/OmegaNetwork/test.4.er/archives/mca_state_orted.so_YVmpJN7kdMe'
Copying `/usr/lib64/openmpi/lib/openmpi/mca_state_staged_orted.so'
  to `/export/home/acs/stud/t/taner.mustafa/Materii/APP/Proiect/OmegaNetwork/test.4.er/archives/mca_state_staged_orted.so_YVmpJN7kdMe'
Copying `/usr/lib64/openmpi/lib/openmpi/mca_state_tool.so'
  to `/export/home/acs/stud/t/taner.mustafa/Materii/APP/Proiect/OmegaNetwork/test.4.er/archives/mca_state_tool.so_YVmpJN7kdMe'
Copying `/usr/lib64/openmpi/lib/openmpi/mca_state_staged_hnp.so'
  to `/export/home/acs/stud/t/taner.mustafa/Materii/APP/Proiect/OmegaNetwork/test.4.er/archives/mca_state_staged_hnp.so_YVmpJN7kdMe'
Copying `/usr/lib64/openmpi/lib/openmpi/mca_state_hnp.so'
  to `/export/home/acs/stud/t/taner.mustafa/Materii/APP/Proiect/OmegaNetwork/test.4.er/archives/mca_state_hnp.so_YVmpJN7kdMe'
Copying `/usr/lib64/openmpi/lib/openmpi/mca_state_dvm.so'
  to `/export/home/acs/stud/t/taner.mustafa/Materii/APP/Proiect/OmegaNetwork/test.4.er/archives/mca_state_dvm.so_YVmpJN7kdMe'
Copying `/usr/lib64/openmpi/lib/openmpi/mca_state_app.so'
  to `/export/home/acs/stud/t/taner.mustafa/Materii/APP/Proiect/OmegaNetwork/test.4.er/archives/mca_state_app.so_YVmpJN7kdMe'
Copying `/usr/lib64/openmpi/lib/openmpi/mca_errmgr_default_tool.so'
  to `/export/home/acs/stud/t/taner.mustafa/Materii/APP/Proiect/OmegaNetwork/test.4.er/archives/mca_errmgr_default_tool.so_YVmpJN7kdMe'
Copying `/usr/lib64/openmpi/lib/openmpi/mca_errmgr_default_app.so'
  to `/export/home/acs/stud/t/taner.mustafa/Materii/APP/Proiect/OmegaNetwork/test.4.er/archives/mca_errmgr_default_app.so_YVmpJN7kdMe'
Copying `/usr/lib64/openmpi/lib/openmpi/mca_errmgr_default_orted.so'
  to `/export/home/acs/stud/t/taner.mustafa/Materii/APP/Proiect/OmegaNetwork/test.4.er/archives/mca_errmgr_default_orted.so_YVmpJN7kdMe'
Copying `/usr/lib64/openmpi/lib/openmpi/mca_errmgr_default_hnp.so'
  to `/export/home/acs/stud/t/taner.mustafa/Materii/APP/Proiect/OmegaNetwork/test.4.er/archives/mca_errmgr_default_hnp.so_YVmpJN7kdMe'
Copying `/usr/lib64/openmpi/lib/openmpi/mca_oob_tcp.so'
  to `/export/home/acs/stud/t/taner.mustafa/Materii/APP/Proiect/OmegaNetwork/test.4.er/archives/mca_oob_tcp.so_YVmpJN7kdMe'
Copying `/usr/lib64/openmpi/lib/openmpi/mca_rml_oob.so'
  to `/export/home/acs/stud/t/taner.mustafa/Materii/APP/Proiect/OmegaNetwork/test.4.er/archives/mca_rml_oob.so_YVmpJN7kdMe'
Copying `/usr/lib64/openmpi/lib/openmpi/mca_routed_radix.so'
  to `/export/home/acs/stud/t/taner.mustafa/Materii/APP/Proiect/OmegaNetwork/test.4.er/archives/mca_routed_radix.so_YVmpJN7kdMe'
Copying `/usr/lib64/openmpi/lib/openmpi/mca_routed_binomial.so'
  to `/export/home/acs/stud/t/taner.mustafa/Materii/APP/Proiect/OmegaNetwork/test.4.er/archives/mca_routed_binomial.so_YVmpJN7kdMe'
Copying `/usr/lib64/openmpi/lib/openmpi/mca_routed_debruijn.so'
  to `/export/home/acs/stud/t/taner.mustafa/Materii/APP/Proiect/OmegaNetwork/test.4.er/archives/mca_routed_debruijn.so_YVmpJN7kdMe'
Copying `/usr/lib64/openmpi/lib/openmpi/mca_routed_direct.so'
  to `/export/home/acs/stud/t/taner.mustafa/Materii/APP/Proiect/OmegaNetwork/test.4.er/archives/mca_routed_direct.so_YVmpJN7kdMe'
Copying `/usr/lib64/openmpi/lib/openmpi/mca_db_print.so'
  to `/export/home/acs/stud/t/taner.mustafa/Materii/APP/Proiect/OmegaNetwork/test.4.er/archives/mca_db_print.so_YVmpJN7kdMe'
Copying `/usr/lib64/openmpi/lib/openmpi/mca_db_hash.so'
  to `/export/home/acs/stud/t/taner.mustafa/Materii/APP/Proiect/OmegaNetwork/test.4.er/archives/mca_db_hash.so_YVmpJN7kdMe'
Copying `/usr/lib64/openmpi/lib/openmpi/mca_grpcomm_bad.so'
  to `/export/home/acs/stud/t/taner.mustafa/Materii/APP/Proiect/OmegaNetwork/test.4.er/archives/mca_grpcomm_bad.so_YVmpJN7kdMe'
Copying `/usr/lib64/openmpi/lib/openmpi/mca_dfs_app.so'
  to `/export/home/acs/stud/t/taner.mustafa/Materii/APP/Proiect/OmegaNetwork/test.4.er/archives/mca_dfs_app.so_YVmpJN7kdMe'
Copying `/usr/lib64/openmpi/lib/openmpi/mca_dfs_test.so'
  to `/export/home/acs/stud/t/taner.mustafa/Materii/APP/Proiect/OmegaNetwork/test.4.er/archives/mca_dfs_test.so_YVmpJN7kdMe'
Copying `/usr/lib64/openmpi/lib/openmpi/mca_dfs_orted.so'
  to `/export/home/acs/stud/t/taner.mustafa/Materii/APP/Proiect/OmegaNetwork/test.4.er/archives/mca_dfs_orted.so_YVmpJN7kdMe'
Copying `/usr/lib64/openmpi/lib/openmpi/mca_allocator_bucket.so'
  to `/export/home/acs/stud/t/taner.mustafa/Materii/APP/Proiect/OmegaNetwork/test.4.er/archives/mca_allocator_bucket.so_YVmpJN7kdMe'
Copying `/usr/lib64/openmpi/lib/openmpi/mca_allocator_basic.so'
  to `/export/home/acs/stud/t/taner.mustafa/Materii/APP/Proiect/OmegaNetwork/test.4.er/archives/mca_allocator_basic.so_YVmpJN7kdMe'
Copying `/usr/lib64/openmpi/lib/openmpi/mca_rcache_vma.so'
  to `/export/home/acs/stud/t/taner.mustafa/Materii/APP/Proiect/OmegaNetwork/test.4.er/archives/mca_rcache_vma.so_YVmpJN7kdMe'
Copying `/usr/lib64/openmpi/lib/libmca_common_sm.so.4.0.4'
  to `/export/home/acs/stud/t/taner.mustafa/Materii/APP/Proiect/OmegaNetwork/test.4.er/archives/libmca_common_sm.so.4.0.4_ZlstJOT_261'
Copying `/usr/lib64/openmpi/lib/openmpi/mca_mpool_sm.so'
  to `/export/home/acs/stud/t/taner.mustafa/Materii/APP/Proiect/OmegaNetwork/test.4.er/archives/mca_mpool_sm.so_YVmpJN7kdMe'
Copying `/usr/lib64/openmpi/lib/openmpi/mca_mpool_grdma.so'
  to `/export/home/acs/stud/t/taner.mustafa/Materii/APP/Proiect/OmegaNetwork/test.4.er/archives/mca_mpool_grdma.so_YVmpJN7kdMe'
Copying `/usr/lib64/openmpi/lib/openmpi/mca_bml_r2.so'
  to `/export/home/acs/stud/t/taner.mustafa/Materii/APP/Proiect/OmegaNetwork/test.4.er/archives/mca_bml_r2.so_YVmpJN7kdMe'
Copying `/usr/lib64/openmpi/lib/openmpi/mca_btl_self.so'
  to `/export/home/acs/stud/t/taner.mustafa/Materii/APP/Proiect/OmegaNetwork/test.4.er/archives/mca_btl_self.so_YVmpJN7kdMe'
Copying `/usr/lib64/openmpi/lib/openmpi/mca_btl_sm.so'
  to `/export/home/acs/stud/t/taner.mustafa/Materii/APP/Proiect/OmegaNetwork/test.4.er/archives/mca_btl_sm.so_YVmpJN7kdMe'
Copying `/usr/lib64/openmpi/lib/openmpi/mca_btl_tcp.so'
  to `/export/home/acs/stud/t/taner.mustafa/Materii/APP/Proiect/OmegaNetwork/test.4.er/archives/mca_btl_tcp.so_YVmpJN7kdMe'
Copying `/usr/lib64/openmpi/lib/openmpi/mca_btl_vader.so'
  to `/export/home/acs/stud/t/taner.mustafa/Materii/APP/Proiect/OmegaNetwork/test.4.er/archives/mca_btl_vader.so_YVmpJN7kdMe'
Copying `/usr/lib64/libuuid.so.1.3.0'
  to `/export/home/acs/stud/t/taner.mustafa/Materii/APP/Proiect/OmegaNetwork/test.4.er/archives/libuuid.so.1.3.0_OCEC1bthLm2'
Copying `/usr/lib64/libinfinipath.so.4.0'
  to `/export/home/acs/stud/t/taner.mustafa/Materii/APP/Proiect/OmegaNetwork/test.4.er/archives/libinfinipath.so.4.0_OCEC1bthLm2'
Copying `/usr/lib64/libpsm2.so.2.1'
  to `/export/home/acs/stud/t/taner.mustafa/Materii/APP/Proiect/OmegaNetwork/test.4.er/archives/libpsm2.so.2.1_OCEC1bthLm2'
Copying `/usr/lib64/libpsm_infinipath.so.1.16'
  to `/export/home/acs/stud/t/taner.mustafa/Materii/APP/Proiect/OmegaNetwork/test.4.er/archives/libpsm_infinipath.so.1.16_OCEC1bthLm2'
Copying `/usr/lib64/libnl-route-3.so.200.23.0'
  to `/export/home/acs/stud/t/taner.mustafa/Materii/APP/Proiect/OmegaNetwork/test.4.er/archives/libnl-route-3.so.200.23.0_OCEC1bthLm2'
Copying `/usr/lib64/libnl-3.so.200.23.0'
  to `/export/home/acs/stud/t/taner.mustafa/Materii/APP/Proiect/OmegaNetwork/test.4.er/archives/libnl-3.so.200.23.0_OCEC1bthLm2'
Copying `/usr/lib64/libibverbs.so.1.5.22.1'
  to `/export/home/acs/stud/t/taner.mustafa/Materii/APP/Proiect/OmegaNetwork/test.4.er/archives/libibverbs.so.1.5.22.1_OCEC1bthLm2'
Copying `/usr/lib64/librdmacm.so.1.1.22.1'
  to `/export/home/acs/stud/t/taner.mustafa/Materii/APP/Proiect/OmegaNetwork/test.4.er/archives/librdmacm.so.1.1.22.1_OCEC1bthLm2'
Copying `/usr/lib64/libfabric.so.1.10.0'
  to `/export/home/acs/stud/t/taner.mustafa/Materii/APP/Proiect/OmegaNetwork/test.4.er/archives/libfabric.so.1.10.0_OCEC1bthLm2'
Copying `/usr/lib64/openmpi/lib/openmpi/mca_btl_usnic.so'
  to `/export/home/acs/stud/t/taner.mustafa/Materii/APP/Proiect/OmegaNetwork/test.4.er/archives/mca_btl_usnic.so_YVmpJN7kdMe'
Copying `/usr/lib64/libibumad.so.3.0.22.1'
  to `/export/home/acs/stud/t/taner.mustafa/Materii/APP/Proiect/OmegaNetwork/test.4.er/archives/libibumad.so.3.0.22.1_OCEC1bthLm2'
Copying `/usr/lib64/libosmcomp.so.4.0.0'
  to `/export/home/acs/stud/t/taner.mustafa/Materii/APP/Proiect/OmegaNetwork/test.4.er/archives/libosmcomp.so.4.0.0_OCEC1bthLm2'
Copying `/usr/lib64/openmpi/lib/libmca_common_verbs.so.7.0.1'
  to `/export/home/acs/stud/t/taner.mustafa/Materii/APP/Proiect/OmegaNetwork/test.4.er/archives/libmca_common_verbs.so.7.0.1_ZlstJOT_261'
Copying `/usr/lib64/openmpi/lib/openmpi/mca_btl_openib.so'
  to `/export/home/acs/stud/t/taner.mustafa/Materii/APP/Proiect/OmegaNetwork/test.4.er/archives/mca_btl_openib.so_YVmpJN7kdMe'
Copying `/usr/lib64/libucm.so.0.0.0'
  to `/export/home/acs/stud/t/taner.mustafa/Materii/APP/Proiect/OmegaNetwork/test.4.er/archives/libucm.so.0.0.0_OCEC1bthLm2'
Copying `/usr/lib64/libuct.so.0.0.0'
  to `/export/home/acs/stud/t/taner.mustafa/Materii/APP/Proiect/OmegaNetwork/test.4.er/archives/libuct.so.0.0.0_OCEC1bthLm2'
Copying `/usr/lib64/libucs.so.0.0.0'
  to `/export/home/acs/stud/t/taner.mustafa/Materii/APP/Proiect/OmegaNetwork/test.4.er/archives/libucs.so.0.0.0_OCEC1bthLm2'
Copying `/usr/lib64/libucp.so.0.0.0'
  to `/export/home/acs/stud/t/taner.mustafa/Materii/APP/Proiect/OmegaNetwork/test.4.er/archives/libucp.so.0.0.0_OCEC1bthLm2'
Copying `/usr/lib64/openmpi/lib/openmpi/mca_pml_ucx.so'
  to `/export/home/acs/stud/t/taner.mustafa/Materii/APP/Proiect/OmegaNetwork/test.4.er/archives/mca_pml_ucx.so_YVmpJN7kdMe'
Copying `/usr/lib64/openmpi/lib/openmpi/mca_pml_bfo.so'
  to `/export/home/acs/stud/t/taner.mustafa/Materii/APP/Proiect/OmegaNetwork/test.4.er/archives/mca_pml_bfo.so_YVmpJN7kdMe'
Copying `/usr/lib64/openmpi/lib/openmpi/mca_pml_ob1.so'
  to `/export/home/acs/stud/t/taner.mustafa/Materii/APP/Proiect/OmegaNetwork/test.4.er/archives/mca_pml_ob1.so_YVmpJN7kdMe'
Copying `/usr/lib64/openmpi/lib/openmpi/mca_pml_cm.so'
  to `/export/home/acs/stud/t/taner.mustafa/Materii/APP/Proiect/OmegaNetwork/test.4.er/archives/mca_pml_cm.so_YVmpJN7kdMe'
Copying `/usr/lib64/openmpi/lib/openmpi/mca_vprotocol_pessimist.so'
  to `/export/home/acs/stud/t/taner.mustafa/Materii/APP/Proiect/OmegaNetwork/test.4.er/archives/mca_vprotocol_pessimist.so_YVmpJN7kdMe'
Copying `/usr/lib64/openmpi/lib/openmpi/mca_mtl_ofi.so'
  to `/export/home/acs/stud/t/taner.mustafa/Materii/APP/Proiect/OmegaNetwork/test.4.er/archives/mca_mtl_ofi.so_YVmpJN7kdMe'
Copying `/usr/lib64/openmpi/lib/openmpi/mca_mtl_psm2.so'
  to `/export/home/acs/stud/t/taner.mustafa/Materii/APP/Proiect/OmegaNetwork/test.4.er/archives/mca_mtl_psm2.so_YVmpJN7kdMe'
Copying `/usr/lib64/openmpi/lib/openmpi/mca_mtl_psm.so'
  to `/export/home/acs/stud/t/taner.mustafa/Materii/APP/Proiect/OmegaNetwork/test.4.er/archives/mca_mtl_psm.so_YVmpJN7kdMe'
Copying `/usr/lib64/openmpi/lib/openmpi/mca_coll_ml.so'
  to `/export/home/acs/stud/t/taner.mustafa/Materii/APP/Proiect/OmegaNetwork/test.4.er/archives/mca_coll_ml.so_YVmpJN7kdMe'
Copying `/usr/lib64/openmpi/lib/openmpi/mca_coll_self.so'
  to `/export/home/acs/stud/t/taner.mustafa/Materii/APP/Proiect/OmegaNetwork/test.4.er/archives/mca_coll_self.so_YVmpJN7kdMe'
Copying `/usr/lib64/openmpi/lib/openmpi/mca_coll_tuned.so'
  to `/export/home/acs/stud/t/taner.mustafa/Materii/APP/Proiect/OmegaNetwork/test.4.er/archives/mca_coll_tuned.so_YVmpJN7kdMe'
Copying `/usr/lib64/openmpi/lib/openmpi/mca_coll_inter.so'
  to `/export/home/acs/stud/t/taner.mustafa/Materii/APP/Proiect/OmegaNetwork/test.4.er/archives/mca_coll_inter.so_YVmpJN7kdMe'
Copying `/usr/lib64/openmpi/lib/openmpi/mca_coll_libnbc.so'
  to `/export/home/acs/stud/t/taner.mustafa/Materii/APP/Proiect/OmegaNetwork/test.4.er/archives/mca_coll_libnbc.so_YVmpJN7kdMe'
Copying `/usr/lib64/openmpi/lib/openmpi/mca_coll_sync.so'
  to `/export/home/acs/stud/t/taner.mustafa/Materii/APP/Proiect/OmegaNetwork/test.4.er/archives/mca_coll_sync.so_YVmpJN7kdMe'
Copying `/usr/lib64/openmpi/lib/openmpi/mca_coll_sm.so'
  to `/export/home/acs/stud/t/taner.mustafa/Materii/APP/Proiect/OmegaNetwork/test.4.er/archives/mca_coll_sm.so_YVmpJN7kdMe'
Copying `/usr/lib64/openmpi/lib/openmpi/mca_coll_hierarch.so'
  to `/export/home/acs/stud/t/taner.mustafa/Materii/APP/Proiect/OmegaNetwork/test.4.er/archives/mca_coll_hierarch.so_YVmpJN7kdMe'
Copying `/usr/lib64/openmpi/lib/openmpi/mca_coll_basic.so'
  to `/export/home/acs/stud/t/taner.mustafa/Materii/APP/Proiect/OmegaNetwork/test.4.er/archives/mca_coll_basic.so_YVmpJN7kdMe'
Copying `/usr/lib64/openmpi/lib/openmpi/mca_osc_sm.so'
  to `/export/home/acs/stud/t/taner.mustafa/Materii/APP/Proiect/OmegaNetwork/test.4.er/archives/mca_osc_sm.so_YVmpJN7kdMe'
Copying `/usr/lib64/openmpi/lib/openmpi/mca_osc_pt2pt.so'
  to `/export/home/acs/stud/t/taner.mustafa/Materii/APP/Proiect/OmegaNetwork/test.4.er/archives/mca_osc_pt2pt.so_YVmpJN7kdMe'
Copying `/usr/lib64/openmpi/lib/openmpi/mca_pubsub_orte.so'
  to `/export/home/acs/stud/t/taner.mustafa/Materii/APP/Proiect/OmegaNetwork/test.4.er/archives/mca_pubsub_orte.so_YVmpJN7kdMe'
Copying `/usr/lib64/openmpi/lib/openmpi/mca_dpm_orte.so'
  to `/export/home/acs/stud/t/taner.mustafa/Materii/APP/Proiect/OmegaNetwork/test.4.er/archives/mca_dpm_orte.so_YVmpJN7kdMe'
